Warning message:
package ‘pso’ was built under R version 4.5.2 
Running chunk 1/50 | replicates 1-20 | n = 20
Running chunk 2/50 | replicates 21-40 | n = 20
Running chunk 3/50 | replicates 41-60 | n = 20
Running chunk 4/50 | replicates 61-80 | n = 20
Running chunk 5/50 | replicates 81-100 | n = 20
Running chunk 6/50 | replicates 101-120 | n = 20
Running chunk 7/50 | replicates 121-140 | n = 20
Running chunk 8/50 | replicates 141-160 | n = 20
Running chunk 9/50 | replicates 161-180 | n = 20
Running chunk 10/50 | replicates 181-200 | n = 20
Running chunk 11/50 | replicates 201-220 | n = 20
Running chunk 12/50 | replicates 221-240 | n = 20
Running chunk 13/50 | replicates 241-260 | n = 20
Running chunk 14/50 | replicates 261-280 | n = 20
Running chunk 15/50 | replicates 281-300 | n = 20
Running chunk 16/50 | replicates 301-320 | n = 20
Running chunk 17/50 | replicates 321-340 | n = 20
Running chunk 18/50 | replicates 341-360 | n = 20
Running chunk 19/50 | replicates 361-380 | n = 20
Running chunk 20/50 | replicates 381-400 | n = 20
Running chunk 21/50 | replicates 401-420 | n = 20
Running chunk 22/50 | replicates 421-440 | n = 20
Running chunk 23/50 | replicates 441-460 | n = 20
Running chunk 24/50 | replicates 461-480 | n = 20
Running chunk 25/50 | replicates 481-500 | n = 20
Running chunk 26/50 | replicates 501-520 | n = 20
Running chunk 27/50 | replicates 521-540 | n = 20
Running chunk 28/50 | replicates 541-560 | n = 20
Running chunk 29/50 | replicates 561-580 | n = 20
Running chunk 30/50 | replicates 581-600 | n = 20
Running chunk 31/50 | replicates 601-620 | n = 20
Running chunk 32/50 | replicates 621-640 | n = 20
Running chunk 33/50 | replicates 641-660 | n = 20
Running chunk 34/50 | replicates 661-680 | n = 20
Running chunk 35/50 | replicates 681-700 | n = 20
Running chunk 36/50 | replicates 701-720 | n = 20
Running chunk 37/50 | replicates 721-740 | n = 20
Running chunk 38/50 | replicates 741-760 | n = 20
Running chunk 39/50 | replicates 761-780 | n = 20
Running chunk 40/50 | replicates 781-800 | n = 20
Running chunk 41/50 | replicates 801-820 | n = 20
Running chunk 42/50 | replicates 821-840 | n = 20
Running chunk 43/50 | replicates 841-860 | n = 20
Running chunk 44/50 | replicates 861-880 | n = 20
Running chunk 45/50 | replicates 881-900 | n = 20
Running chunk 46/50 | replicates 901-920 | n = 20
Running chunk 47/50 | replicates 921-940 | n = 20
Running chunk 48/50 | replicates 941-960 | n = 20
Running chunk 49/50 | replicates 961-980 | n = 20
Running chunk 50/50 | replicates 981-1000 | n = 20
Error in `$<-.data.frame`(`*tmp*`, "TopHit", value = logical(0)) : 
  replacement has 0 rows, data has 7000
Calls: build_summary -> $<- -> $<-.data.frame
Execution halted
